<?xml version="1.0" encoding="UTF-8"?>
<beans:beans 
	xmlns:beans="http://www.springframework.org/schema/beans"
	xmlns:xsi="http://www.w3.org/2001/XMLSchema-instance" 
	xmlns:p="http://www.springframework.org/schema/p"
	xmlns:jdbc="http://www.springframework.org/schema/jdbc" 
	xmlns:context="http://www.springframework.org/schema/context"
	xmlns:batch="http://www.springframework.org/schema/batch"
	xsi:schemaLocation="http://www.springframework.org/schema/beans http://www.springframework.org/schema/beans/spring-beans-3.0.xsd
		http://www.springframework.org/schema/jdbc http://www.springframework.org/schema/jdbc/spring-jdbc-3.0.xsd
          http://www.springframework.org/schema/context http://www.springframework.org/schema/context/spring-context-3.0.xsd
          http://www.springframework.org/schema/batch http://www.springframework.org/schema/batch/spring-batch-2.1.xsd">

	<beans:import resource="classpath:spring/test-env-context.xml" />
	<beans:import resource="classpath:spring/test-batch-data-source-context.xml" />
	<beans:import resource="classpath:spring/test-data-source-context.xml" />
	<beans:import resource="classpath:META-INF/spring/batch/batch-context.xml" />

	<context:annotation-config />
	
	<beans:bean class="org.springframework.batch.test.JobLauncherTestUtils" />

	<beans:bean id="jobOperator"
		class="org.springframework.batch.core.launch.support.SimpleJobOperator"
		p:jobLauncher-ref="jobLauncher" p:jobExplorer-ref="jobExplorer"
		p:jobRepository-ref="jobRepository" p:jobRegistry-ref="jobRegistry" />

	<beans:bean id="jobExplorer"
		class="org.springframework.batch.core.explore.support.JobExplorerFactoryBean"
		p:dataSource-ref="dataSource" />

	<beans:bean id="jobRegistry"
		class="org.springframework.batch.core.configuration.support.MapJobRegistry" />

	<beans:bean
		class="org.springframework.batch.core.configuration.support.JobRegistryBeanPostProcessor"
		p:jobRegistry-ref="jobRegistry" />
	
	<beans:bean id="jobRepository" class="org.springframework.batch.core.repository.support.JobRepositoryFactoryBean"
		p:dataSource-ref="dataSource" p:transactionManager-ref="transactionManager" />
		
	<beans:bean id="jobLauncher" class="org.springframework.batch.core.launch.support.SimpleJobLauncher"
                p:jobRepository-ref="jobRepository"/>	
	
</beans:beans>
