<?xml version="1.0" encoding="UTF-8"?>
<beans xmlns:xsi="http://www.w3.org/2001/XMLSchema-instance"
       xmlns:context="http://www.springframework.org/schema/context"
       xmlns="http://www.springframework.org/schema/beans"
       xsi:schemaLocation="
       http://www.springframework.org/schema/beans http://www.springframework.org/schema/beans/spring-beans.xsd
       http://www.springframework.org/schema/context http://www.springframework.org/schema/context/spring-context.xsd"
       profile="test">

  <context:annotation-config />

  <bean id="medcertDataSource" class="org.springframework.jndi.JndiObjectFactoryBean">
    <property name="jndiName" value="java:comp/env/jdbc/medcert" />
  </bean>

  <bean id="medcertEntityManagerFactory" class="org.springframework.orm.jpa.LocalContainerEntityManagerFactoryBean">
    <property name="dataSource" ref="medcertDataSource" />
    <property name="persistenceUnitName" value="jpa.migration.medcert" />
    <property name="jpaVendorAdapter">
      <bean class="org.springframework.orm.jpa.vendor.HibernateJpaVendorAdapter">
        <property name="database" value="H2" />
      </bean>
    </property>
    <property name="jpaProperties">
      <props>
        <prop key="hibernate.show_sql">false</prop>
        <prop key="hibernate.format_sql">false</prop>
        <!--<prop key="hibernate.hbm2ddl.auto">create-drop</prop>-->
      </props>
    </property>
  </bean>


</beans>