<?xml version="1.0" encoding="UTF-8"?>
<beans xmlns="http://www.springframework.org/schema/beans"
       xmlns:xsi="http://www.w3.org/2001/XMLSchema-instance"
       xmlns:jdbc="http://www.springframework.org/schema/jdbc"
       xmlns:context="http://www.springframework.org/schema/context"
  xsi:schemaLocation="http://www.springframework.org/schema/beans
              http://www.springframework.org/schema/beans/spring-beans.xsd
              http://www.springframework.org/schema/jdbc
              http://www.springframework.org/schema/jdbc/spring-jdbc.xsd
              http://www.springframework.org/schema/context
              http://www.springframework.org/schema/context/spring-context.xsd"
  profile="test">

  <context:annotation-config />
  <context:component-scan base-package="se.inera.intyg.intygstjanst.persistence.config,se.inera.intyg.intygstjanst.persistence.model" />

  <!--
  <bean id="dataSource" class="org.springframework.jndi.JndiObjectFactoryBean">
       <property name="jndiName" value="java:comp/env/jdbc/intyg" />
  </bean>

  <bean id="entityManagerFactory" class="org.springframework.orm.jpa.LocalContainerEntityManagerFactoryBean">
    <property name="dataSource" ref="dataSource" />
    <property name="persistenceUnitName" value="IneraCertificate" />
    <property name="jpaVendorAdapter">
      <bean class="org.springframework.orm.jpa.vendor.HibernateJpaVendorAdapter">
        <property name="database" value="MYSQL" />
      </bean>
    </property>
    <property name="jpaProperties">
      <props>
        <prop key="hibernate.id.new_generator_mappings">false</prop>
      </props>
    </property>
  </bean>
  -->

</beans>
