<?xml version="1.0" encoding="UTF-8"?>
<beans xmlns="http://www.springframework.org/schema/beans"
  xmlns:xsi="http://www.w3.org/2001/XMLSchema-instance" xmlns:jdbc="http://www.springframework.org/schema/jdbc"
  xmlns:p="http://www.springframework.org/schema/p"
  xsi:schemaLocation="
          http://www.springframework.org/schema/beans http://www.springframework.org/schema/beans/spring-beans.xsd
          http://www.springframework.org/schema/jdbc http://www.springframework.org/schema/jdbc/spring-jdbc.xsd"
  profile="dev">

  <description>Data source context for the Intyg database which will be
    used in the DEV environment. The data source uses an embedded HSQL
    database.
  </description>

  <jdbc:initialize-database data-source="certificateDataSource">
    <jdbc:script location="schema/intyg-schema-hsql.sql" />
  </jdbc:initialize-database>

  <jdbc:embedded-database type="HSQL"
    id="certificateDataSource" />

  <bean id="certificateTransactionManager"
    class="org.springframework.jdbc.datasource.DataSourceTransactionManager"
    p:dataSource-ref="certificateDataSource" />

  <bean id="certificateDataInitialiser"
    class="se.inera.certificate.migration.testutils.CertificateDataInitialiser"
    init-method="init" />

  <bean id="certTestDao"
    class="se.inera.certificate.migration.testutils.dao.CertTestDao"
    p:dataSource-ref="certificateDataSource" />

</beans>