<?xml version="1.0" encoding="UTF-8"?>
<beans xmlns="http://www.springframework.org/schema/beans"
  xmlns:xsi="http://www.w3.org/2001/XMLSchema-instance" xmlns:jdbc="http://www.springframework.org/schema/jdbc"
  xmlns:p="http://www.springframework.org/schema/p"
  xsi:schemaLocation="
          http://www.springframework.org/schema/beans http://www.springframework.org/schema/beans/spring-beans.xsd
          http://www.springframework.org/schema/jdbc http://www.springframework.org/schema/jdbc/spring-jdbc.xsd"
  profile="dev">

  <description>Data source context for the Intyg database which will be
    used in the DEV environment. The data source uses an embedded H2
    database.
  </description>

  <jdbc:initialize-database data-source="certificateDataSource">
    <jdbc:script location="schema/intyg-schema-hsql.sql" />
  </jdbc:initialize-database>

  <jdbc:embedded-database type="H2"
    id="certificateDataSource" />

  <bean id="certificateTransactionManager"
    class="org.springframework.jdbc.datasource.DataSourceTransactionManager"
    p:dataSource-ref="certificateDataSource" />

  <bean id="certificateDataInitialiser"
    class="se.inera.certificate.migration.testutils.CertificateDataInitialiser"
    init-method="init" />

  <bean id="certTestDao"
    class="se.inera.certificate.migration.testutils.dao.CertTestDao"
    p:dataSource-ref="certificateDataSource" />

  <bean id="appProperties"
    class="org.springframework.beans.factory.config.PropertyPlaceholderConfigurer">
    <property name="locations">
      <list>
        <value>classpath:migration-tool-dev.properties</value>
      </list>
    </property>
    <property name="systemPropertiesModeName" value="SYSTEM_PROPERTIES_MODE_OVERRIDE" />
    <property name="ignoreResourceNotFound" value="false" />
    <property name="ignoreUnresolvablePlaceholders" value="true" />
    <property name="order" value="0" />
  </bean>

</beans>